2025-02-15 21:43:25,767 - INFO - Accuracy: 0.5100, Precision: 0.4615, Recall: 0.5333, Latency: 0.0600s
2025-02-15 21:43:26,768 - INFO - CPU Usage: 18.50%
2025-02-15 21:43:28,871 - INFO - Accuracy: 0.4800, Precision: 0.5660, Recall: 0.5085, Latency: 0.1024s
2025-02-15 21:43:29,873 - INFO - CPU Usage: 12.40%
2025-02-15 21:43:31,955 - INFO - Accuracy: 0.4500, Precision: 0.5455, Recall: 0.5000, Latency: 0.0799s
2025-02-15 21:43:32,957 - INFO - CPU Usage: 29.00%
2025-02-15 21:43:34,979 - INFO - Accuracy: 0.5200, Precision: 0.5763, Recall: 0.5965, Latency: 0.0122s
2025-02-15 21:43:35,981 - INFO - CPU Usage: 12.70%
2025-02-15 21:43:38,075 - INFO - Accuracy: 0.4900, Precision: 0.5000, Recall: 0.5294, Latency: 0.0869s
2025-02-15 21:43:39,077 - INFO - CPU Usage: 17.30%
2025-02-15 21:45:01,551 - INFO - Accuracy: 0.5600, Precision: 0.6182, Recall: 0.5965, Latency: 0.0616s
2025-02-15 21:45:02,553 - INFO - CPU Usage: 8.90%
2025-02-15 21:45:04,658 - INFO - Accuracy: 0.5200, Precision: 0.5000, Recall: 0.5208, Latency: 0.0955s
2025-02-15 21:45:05,661 - INFO - CPU Usage: 10.00%
2025-02-15 21:45:07,766 - INFO - Accuracy: 0.5100, Precision: 0.4889, Recall: 0.4583, Latency: 0.0946s
2025-02-15 21:45:08,767 - INFO - CPU Usage: 12.60%
2025-02-15 21:45:10,848 - INFO - Accuracy: 0.5500, Precision: 0.5833, Recall: 0.5283, Latency: 0.0728s
2025-02-15 21:45:11,850 - INFO - CPU Usage: 9.30%
2025-02-15 21:45:13,923 - INFO - Accuracy: 0.4900, Precision: 0.5682, Recall: 0.4386, Latency: 0.0632s
2025-02-15 21:45:14,924 - INFO - CPU Usage: 8.00%
2025-02-15 21:45:45,877 - INFO - Accuracy: 0.4600, Precision: 0.5469, Recall: 0.5833, Latency: 0.0383s
2025-02-15 21:45:46,878 - INFO - CPU Usage: 13.30%
2025-02-15 21:45:48,954 - INFO - Accuracy: 0.4600, Precision: 0.5686, Recall: 0.4754, Latency: 0.0609s
2025-02-15 21:45:49,956 - INFO - CPU Usage: 9.40%
2025-02-15 21:45:52,035 - INFO - Accuracy: 0.4800, Precision: 0.5085, Recall: 0.5660, Latency: 0.0691s
2025-02-15 21:45:53,036 - INFO - CPU Usage: 7.50%
2025-02-15 21:45:55,135 - INFO - Accuracy: 0.5100, Precision: 0.4808, Recall: 0.5319, Latency: 0.0922s
2025-02-15 21:45:56,137 - INFO - CPU Usage: 16.20%
2025-02-15 21:45:58,204 - INFO - Accuracy: 0.4900, Precision: 0.5370, Recall: 0.5273, Latency: 0.0592s
2025-02-15 21:45:59,206 - INFO - CPU Usage: 10.30%
2025-02-15 21:47:21,200 - INFO - Accuracy: 0.4600, Precision: 0.4531, Recall: 0.6042, Latency: 0.0224s
2025-02-15 21:47:22,201 - INFO - CPU Usage: 9.10%
2025-02-15 21:47:24,295 - INFO - Accuracy: 0.4800, Precision: 0.4894, Recall: 0.4510, Latency: 0.0882s
2025-02-15 21:47:25,296 - INFO - CPU Usage: 17.80%
2025-02-15 21:47:27,393 - INFO - Accuracy: 0.4700, Precision: 0.5106, Recall: 0.4444, Latency: 0.0930s
2025-02-15 21:47:28,398 - INFO - CPU Usage: 9.10%
2025-02-15 21:47:30,433 - INFO - Accuracy: 0.5100, Precision: 0.5283, Recall: 0.5385, Latency: 0.0287s
2025-02-15 21:47:31,435 - INFO - CPU Usage: 6.50%
2025-02-15 21:47:33,506 - INFO - Accuracy: 0.4700, Precision: 0.4902, Recall: 0.4808, Latency: 0.0688s
2025-02-15 21:47:34,508 - INFO - CPU Usage: 5.60%
2025-02-15 22:18:56,243 - Accuracy: 1.0000
2025-02-15 22:18:56,243 - Precision: 1.0000
2025-02-15 22:18:56,243 - Recall: 1.0000
2025-02-15 22:18:56,243 - Latency: 0.0336 seconds
2025-02-15 22:27:30,010 - Accuracy: 1.0000
2025-02-15 22:27:30,010 - Precision: 1.0000
2025-02-15 22:27:30,010 - Recall: 1.0000
2025-02-15 22:27:30,010 - Latency: 0.0196 seconds
2025-02-15 22:35:21,171 - Accuracy: 1.0000
2025-02-15 22:35:21,171 - Precision: 1.0000
2025-02-15 22:35:21,171 - Recall: 1.0000
2025-02-15 22:35:21,171 - Latency: 0.0158 seconds
